2023-06-15 21:06:892 INFO  HomePage :34 - Clicking on acceptCookie: [[ChromeDriver: chrome on WINDOWS (b8c15e14953b32c6b980a56466e1a884)] -> xpath: //label[normalize-space()='Accept']]
2023-06-15 21:06:912 INFO  HomePage :38 - Verify logo is displyed :[[ChromeDriver: chrome on WINDOWS (b8c15e14953b32c6b980a56466e1a884)] -> xpath: //img[@alt='Virgin Games']]
2023-06-15 21:06:06 INFO  HomePage :34 - Clicking on acceptCookie: [[ChromeDriver: chrome on WINDOWS (2d4424eb30e1952574f8f3ca84a64330)] -> xpath: //label[normalize-space()='Accept']]
2023-06-15 21:06:59 INFO  HomePage :34 - Clicking on acceptCookie: [[ChromeDriver: chrome on WINDOWS (b53d2d1ce9909b346ab2434fc8e5cfc4)] -> xpath: //label[normalize-space()='Accept']]
2023-06-15 21:06:125 INFO  HomePage :34 - Clicking on acceptCookie: [[ChromeDriver: chrome on WINDOWS (790d3ad934e0aa9b28c965b85fda6683)] -> xpath: //label[normalize-space()='Accept']]
2023-06-15 21:06:262 INFO  HomePage :34 - Clicking on acceptCookie: [[ChromeDriver: chrome on WINDOWS (661f3233358289440e8965c26f7240ff)] -> xpath: //label[normalize-space()='Accept']]
2023-06-15 21:06:294 INFO  HomePage :34 - Clicking on acceptCookie: [[ChromeDriver: chrome on WINDOWS (e65fb270bb63302a899bfd0d8e157453)] -> xpath: //label[normalize-space()='Accept']]
2023-06-15 21:06:389 INFO  HomePage :34 - Clicking on acceptCookie: [[ChromeDriver: chrome on WINDOWS (bbac203d25908a37bb04949800bcdcdf)] -> xpath: //label[normalize-space()='Accept']]
2023-06-15 21:06:459 INFO  HomePage :34 - Clicking on acceptCookie: [[ChromeDriver: chrome on WINDOWS (8ad621ecd41ef71b0b4be2f77821dded)] -> xpath: //label[normalize-space()='Accept']]
2023-06-15 22:06:462 INFO  HomePage :37 - Clicking on acceptCookie: [[ChromeDriver: chrome on WINDOWS (b21902cc29000a38dbee93533900021b)] -> xpath: //label[normalize-space()='Accept']]
2023-06-15 22:06:480 INFO  HomePage :41 - Verify logo is displyed :[[ChromeDriver: chrome on WINDOWS (b21902cc29000a38dbee93533900021b)] -> xpath: //img[@alt='Virgin Games']]
2023-06-15 22:06:457 INFO  HomePage :37 - Clicking on acceptCookie: [[ChromeDriver: chrome on WINDOWS (11b74585170a414bbc59abd731af9feb)] -> xpath: //label[normalize-space()='Accept']]
2023-06-15 22:06:757 INFO  HomePage :37 - Clicking on acceptCookie: [[ChromeDriver: chrome on WINDOWS (47e42a8b6515bdea268cdaa929c0572e)] -> xpath: //label[normalize-space()='Accept']]
2023-06-15 22:06:177 INFO  HomePage :37 - Clicking on acceptCookie: [[ChromeDriver: chrome on WINDOWS (3eef71a257ece71e09bce4df92cd157e)] -> xpath: //label[normalize-space()='Accept']]
2023-06-15 22:06:443 INFO  HomePage :37 - Clicking on acceptCookie: [[ChromeDriver: chrome on WINDOWS (456a7e5d990bb8126c4b902b6bb913d2)] -> xpath: //label[normalize-space()='Accept']]
2023-06-15 22:06:669 INFO  HomePage :37 - Clicking on acceptCookie: [[ChromeDriver: chrome on WINDOWS (90eccc368abb19d1c282c13b94559dd3)] -> xpath: //label[normalize-space()='Accept']]
2023-06-15 22:06:897 INFO  HomePage :37 - Clicking on acceptCookie: [[ChromeDriver: chrome on WINDOWS (123f7dd153666eb815a4b92621e401bb)] -> xpath: //label[normalize-space()='Accept']]
2023-06-15 22:06:156 INFO  HomePage :37 - Clicking on acceptCookie: [[ChromeDriver: chrome on WINDOWS (3250e12f4f0bd745a77cb4606543ee96)] -> xpath: //label[normalize-space()='Accept']]
2023-06-15 22:06:174 INFO  HomePage :41 - Verify logo is displyed :[[ChromeDriver: chrome on WINDOWS (3250e12f4f0bd745a77cb4606543ee96)] -> xpath: //img[@alt='Virgin Games']]
2023-06-15 22:06:252 INFO  HomePage :37 - Clicking on acceptCookie: [[ChromeDriver: chrome on WINDOWS (571b52501713eec4fb276a94a620a401)] -> xpath: //label[normalize-space()='Accept']]
2023-06-15 22:06:597 INFO  HomePage :37 - Clicking on acceptCookie: [[ChromeDriver: chrome on WINDOWS (deaf806ed7012adf954171a27e75b4d6)] -> xpath: //label[normalize-space()='Accept']]
2023-06-15 22:06:815 INFO  HomePage :37 - Clicking on acceptCookie: [[ChromeDriver: chrome on WINDOWS (d2ca311dc0fa511e1dc90d30f373d2ea)] -> xpath: //label[normalize-space()='Accept']]
2023-06-15 22:06:69 INFO  HomePage :37 - Clicking on acceptCookie: [[ChromeDriver: chrome on WINDOWS (fb0ecae76a08f0aa854dbd07d19de19f)] -> xpath: //label[normalize-space()='Accept']]
2023-06-15 22:06:289 INFO  HomePage :37 - Clicking on acceptCookie: [[ChromeDriver: chrome on WINDOWS (4aa2267295f40e1e20d6df2869311a07)] -> xpath: //label[normalize-space()='Accept']]
2023-06-15 22:06:583 INFO  HomePage :37 - Clicking on acceptCookie: [[ChromeDriver: chrome on WINDOWS (19f5557fc6e133cd34ddd9dd85da2852)] -> xpath: //label[normalize-space()='Accept']]
2023-06-15 22:06:526 INFO  HomePage :37 - Clicking on acceptCookie: [[ChromeDriver: chrome on WINDOWS (7e850d91a12d6ff6dcf9188736ee2d2c)] -> xpath: //label[normalize-space()='Accept']]
2023-06-15 22:06:544 INFO  HomePage :41 - Verify logo is displyed :[[ChromeDriver: chrome on WINDOWS (7e850d91a12d6ff6dcf9188736ee2d2c)] -> xpath: //img[@alt='Virgin Games']]
2023-06-15 22:06:718 INFO  HomePage :37 - Clicking on acceptCookie: [[ChromeDriver: chrome on WINDOWS (5a380640ba29a9d05b7b83f06b72d368)] -> xpath: //label[normalize-space()='Accept']]
2023-06-15 22:06:00 INFO  HomePage :37 - Clicking on acceptCookie: [[ChromeDriver: chrome on WINDOWS (56a7c1028608f250c18f1202ffbe32ca)] -> xpath: //label[normalize-space()='Accept']]
2023-06-15 22:06:261 INFO  HomePage :37 - Clicking on acceptCookie: [[ChromeDriver: chrome on WINDOWS (a1d8f2f39e62026ecea918166c5cd4ab)] -> xpath: //label[normalize-space()='Accept']]
2023-06-15 22:06:502 INFO  HomePage :37 - Clicking on acceptCookie: [[ChromeDriver: chrome on WINDOWS (c7dfdd76fec1d26fe058af5d064d9321)] -> xpath: //label[normalize-space()='Accept']]
2023-06-15 22:06:713 INFO  HomePage :37 - Clicking on acceptCookie: [[ChromeDriver: chrome on WINDOWS (4089fe2f5404fb07ad934e197d3b5752)] -> xpath: //label[normalize-space()='Accept']]
2023-06-15 22:06:932 INFO  HomePage :37 - Clicking on acceptCookie: [[ChromeDriver: chrome on WINDOWS (68db2f4f2d430c8f794099102c63e70a)] -> xpath: //label[normalize-space()='Accept']]
2023-06-15 22:06:392 INFO  HomePage :41 - Clicking on acceptCookie: [[ChromeDriver: chrome on WINDOWS (e7e471b8b1ce9b869c439ca1cfe1c2f3)] -> xpath: //label[normalize-space()='Accept']]
2023-06-15 22:06:409 INFO  HomePage :45 - Verify logo is displyed :[[ChromeDriver: chrome on WINDOWS (e7e471b8b1ce9b869c439ca1cfe1c2f3)] -> xpath: //img[@alt='Virgin Games']]
2023-06-15 22:06:532 INFO  HomePage :41 - Clicking on acceptCookie: [[ChromeDriver: chrome on WINDOWS (a2a38fb71483bea27bbb8aaf2f0c6e5d)] -> xpath: //label[normalize-space()='Accept']]
2023-06-15 22:06:768 INFO  HomePage :41 - Clicking on acceptCookie: [[ChromeDriver: chrome on WINDOWS (c6cad4958c8574e61331c002c275dcaf)] -> xpath: //label[normalize-space()='Accept']]
2023-06-15 22:06:74 INFO  HomePage :41 - Clicking on acceptCookie: [[ChromeDriver: chrome on WINDOWS (49c3ea80a206cd3dfc51ec07392071d0)] -> xpath: //label[normalize-space()='Accept']]
2023-06-15 22:06:407 INFO  HomePage :41 - Clicking on acceptCookie: [[ChromeDriver: chrome on WINDOWS (dbcd553a90ca672adfc0cd5d896c2435)] -> xpath: //label[normalize-space()='Accept']]
2023-06-15 22:06:728 INFO  HomePage :41 - Clicking on acceptCookie: [[ChromeDriver: chrome on WINDOWS (6833fda8fb859f507a333c4b26f7ffb1)] -> xpath: //label[normalize-space()='Accept']]
2023-06-15 22:06:01 INFO  HomePage :41 - Clicking on acceptCookie: [[ChromeDriver: chrome on WINDOWS (8fe35fbc9f8461022b73a2c6fab2159e)] -> xpath: //label[normalize-space()='Accept']]
2023-06-15 22:06:635 INFO  HomePage :41 - Clicking on acceptCookie: [[ChromeDriver: chrome on WINDOWS (a51e02b82dea24458b5562791bc4fe4f)] -> xpath: //label[normalize-space()='Accept']]
2023-06-15 22:06:653 INFO  HomePage :45 - Verify logo is displyed :[[ChromeDriver: chrome on WINDOWS (a51e02b82dea24458b5562791bc4fe4f)] -> xpath: //img[@alt='Virgin Games']]
2023-06-15 22:06:701 INFO  HomePage :41 - Clicking on acceptCookie: [[ChromeDriver: chrome on WINDOWS (8dd553618a9a8a2ab3dab733a4c8aed0)] -> xpath: //label[normalize-space()='Accept']]
2023-06-15 22:06:983 INFO  HomePage :41 - Clicking on acceptCookie: [[ChromeDriver: chrome on WINDOWS (42fe184758384131526e3ff5206ffcae)] -> xpath: //label[normalize-space()='Accept']]
2023-06-15 22:06:186 INFO  HomePage :41 - Clicking on acceptCookie: [[ChromeDriver: chrome on WINDOWS (dfd224ff3c1aff487a000f9912e0bda1)] -> xpath: //label[normalize-space()='Accept']]
2023-06-15 22:06:429 INFO  HomePage :41 - Clicking on acceptCookie: [[ChromeDriver: chrome on WINDOWS (dff58b6ca776c58909b411ab68135c1b)] -> xpath: //label[normalize-space()='Accept']]
2023-06-15 22:06:700 INFO  HomePage :41 - Clicking on acceptCookie: [[ChromeDriver: chrome on WINDOWS (db7e935471add1a342a04380faf05e83)] -> xpath: //label[normalize-space()='Accept']]
2023-06-15 22:06:53 INFO  HomePage :41 - Clicking on acceptCookie: [[ChromeDriver: chrome on WINDOWS (1a118fffa3d0be287b7f4bf0cdb46661)] -> xpath: //label[normalize-space()='Accept']]
2023-06-17 12:06:681 INFO  HomePage :43 - Clicking on acceptCookie: [[ChromeDriver: chrome on WINDOWS (0b5942964a0a5fa554db40d8ce9d4a64)] -> xpath: //label[normalize-space()='Accept']]
2023-06-17 12:06:706 INFO  HomePage :47 - Verify logo is displyed :[[ChromeDriver: chrome on WINDOWS (0b5942964a0a5fa554db40d8ce9d4a64)] -> xpath: //img[@alt='Virgin Games']]
2023-06-17 12:06:557 INFO  HomePage :43 - Clicking on acceptCookie: [[ChromeDriver: chrome on WINDOWS (485fedda4d78e120c782a112e6175356)] -> xpath: //label[normalize-space()='Accept']]
2023-06-17 12:06:585 INFO  HomePage :47 - Verify logo is displyed :[[ChromeDriver: chrome on WINDOWS (485fedda4d78e120c782a112e6175356)] -> xpath: //img[@alt='Virgin Games']]
2023-06-17 12:06:08 INFO  HomePage :43 - Clicking on acceptCookie: [[ChromeDriver: chrome on WINDOWS (4107f249e395d780f02cc829a899ccc6)] -> xpath: //label[normalize-space()='Accept']]
2023-06-17 12:06:85 INFO  HomePage :54 - Clicking on Online Slots: [[ChromeDriver: chrome on WINDOWS (4107f249e395d780f02cc829a899ccc6)] -> link text: Online Slots]
2023-06-17 12:06:264 INFO  onlineSlotsPage :25 - Get text :[[ChromeDriver: chrome on WINDOWS (4107f249e395d780f02cc829a899ccc6)] -> xpath: //h2[normalize-space()='Virgin Games Online Slots']]
2023-06-17 12:06:356 INFO  HomePage :48 - Clicking on acceptCookie: [[ChromeDriver: chrome on WINDOWS (12f9d7f7d57373e8de8f5363b70b600f)] -> xpath: //label[normalize-space()='Accept']]
2023-06-17 12:06:379 INFO  HomePage :52 - Verify logo is displyed :[[ChromeDriver: chrome on WINDOWS (12f9d7f7d57373e8de8f5363b70b600f)] -> xpath: //img[@alt='Virgin Games']]
2023-06-17 12:06:858 INFO  HomePage :48 - Clicking on acceptCookie: [[ChromeDriver: chrome on WINDOWS (e582d3e09c9019390beb5b78c89bc79c)] -> xpath: //label[normalize-space()='Accept']]
2023-06-17 12:06:930 INFO  HomePage :59 - Clicking on Online Slots: [[ChromeDriver: chrome on WINDOWS (e582d3e09c9019390beb5b78c89bc79c)] -> link text: Online Slots]
2023-06-17 12:06:102 INFO  onlineSlotsPage :25 - Get text :[[ChromeDriver: chrome on WINDOWS (e582d3e09c9019390beb5b78c89bc79c)] -> xpath: //h2[normalize-space()='Virgin Games Online Slots']]
2023-06-17 12:06:621 INFO  HomePage :48 - Clicking on acceptCookie: [[ChromeDriver: chrome on WINDOWS (56d616e930d04f51851c1e084e8ab679)] -> xpath: //label[normalize-space()='Accept']]
2023-06-17 12:06:700 INFO  HomePage :64 - Clicking on Free games[[ChromeDriver: chrome on WINDOWS (56d616e930d04f51851c1e084e8ab679)] -> link text: Free Games]
2023-06-17 12:06:817 INFO  FreeGamesPage :24 - Get text From FreeGamesPage :[[ChromeDriver: chrome on WINDOWS (56d616e930d04f51851c1e084e8ab679)] -> xpath: //h1[normalize-space()='Experience a Selection of Free Games']]
2023-06-17 12:06:306 INFO  HomePage :48 - Clicking on acceptCookie: [[ChromeDriver: chrome on WINDOWS (0ca630ce3a7eca095df84475b90b49f2)] -> xpath: //label[normalize-space()='Accept']]
2023-06-17 12:06:329 INFO  HomePage :52 - Verify logo is displyed :[[ChromeDriver: chrome on WINDOWS (0ca630ce3a7eca095df84475b90b49f2)] -> xpath: //img[@alt='Virgin Games']]
2023-06-17 12:06:703 INFO  HomePage :48 - Clicking on acceptCookie: [[ChromeDriver: chrome on WINDOWS (a1578f5e6471868cfa320cb1b5ab2ac2)] -> xpath: //label[normalize-space()='Accept']]
2023-06-17 12:06:774 INFO  HomePage :59 - Clicking on Online Slots: [[ChromeDriver: chrome on WINDOWS (a1578f5e6471868cfa320cb1b5ab2ac2)] -> link text: Online Slots]
2023-06-17 12:06:892 INFO  onlineSlotsPage :25 - Get text :[[ChromeDriver: chrome on WINDOWS (a1578f5e6471868cfa320cb1b5ab2ac2)] -> xpath: //h2[normalize-space()='Virgin Games Online Slots']]
2023-06-17 12:06:558 INFO  HomePage :48 - Clicking on acceptCookie: [[ChromeDriver: chrome on WINDOWS (f07bb86b65c2cd8c64fb916a9bf8082c)] -> xpath: //label[normalize-space()='Accept']]
2023-06-17 12:06:644 INFO  HomePage :64 - Clicking on Free games[[ChromeDriver: chrome on WINDOWS (f07bb86b65c2cd8c64fb916a9bf8082c)] -> link text: Free Games]
2023-06-17 12:06:768 INFO  FreeGamesPage :24 - Get text From FreeGamesPage :[[ChromeDriver: chrome on WINDOWS (f07bb86b65c2cd8c64fb916a9bf8082c)] -> xpath: //h1[normalize-space()='Experience a Selection of Free Games']]
2023-06-17 13:06:20 INFO  HomePage :51 - Clicking on acceptCookie: [[ChromeDriver: chrome on WINDOWS (d3dac9221c20eaf60cfb2822d5fd5eac)] -> xpath: //label[normalize-space()='Accept']]
2023-06-17 13:06:43 INFO  HomePage :55 - Verify logo is displyed :[[ChromeDriver: chrome on WINDOWS (d3dac9221c20eaf60cfb2822d5fd5eac)] -> xpath: //img[@alt='Virgin Games']]
2023-06-17 13:06:507 INFO  HomePage :51 - Clicking on acceptCookie: [[ChromeDriver: chrome on WINDOWS (7ea9cc8013445d018457344af18caa12)] -> xpath: //label[normalize-space()='Accept']]
2023-06-17 13:06:581 INFO  HomePage :62 - Clicking on Online Slots: [[ChromeDriver: chrome on WINDOWS (7ea9cc8013445d018457344af18caa12)] -> link text: Online Slots]
2023-06-17 13:06:695 INFO  onlineSlotsPage :25 - Get text :[[ChromeDriver: chrome on WINDOWS (7ea9cc8013445d018457344af18caa12)] -> xpath: //h2[normalize-space()='Virgin Games Online Slots']]
2023-06-17 13:06:239 INFO  HomePage :51 - Clicking on acceptCookie: [[ChromeDriver: chrome on WINDOWS (60e7e1137d2302047127f6e34790812b)] -> xpath: //label[normalize-space()='Accept']]
2023-06-17 13:06:318 INFO  HomePage :67 - Clicking on Free games[[ChromeDriver: chrome on WINDOWS (60e7e1137d2302047127f6e34790812b)] -> link text: Free Games]
2023-06-17 13:06:404 INFO  FreeGamesPage :24 - Get text From FreeGamesPage :[[ChromeDriver: chrome on WINDOWS (60e7e1137d2302047127f6e34790812b)] -> xpath: //h1[normalize-space()='Experience a Selection of Free Games']]
2023-06-17 13:06:980 INFO  HomePage :51 - Clicking on acceptCookie: [[ChromeDriver: chrome on WINDOWS (7f32741aab583fe9fd7cf52dc144d09f)] -> xpath: //label[normalize-space()='Accept']]
2023-06-17 13:06:67 INFO  HomePage :72 - Clicking on casino[[ChromeDriver: chrome on WINDOWS (7f32741aab583fe9fd7cf52dc144d09f)] -> link text: Casino]
2023-06-17 13:06:164 INFO  Casino :25 - Image[[ChromeDriver: chrome on WINDOWS (7f32741aab583fe9fd7cf52dc144d09f)] -> xpath: //img[@alt='9 Up Blackjack']]
2023-06-17 15:06:66 INFO  HomePage :51 - Clicking on acceptCookie: [[ChromeDriver: chrome on WINDOWS (dc8b98c0949478ac08e38382d0979cad)] -> xpath: //label[normalize-space()='Accept']]
2023-06-17 15:06:81 INFO  HomePage :55 - Verify logo is displyed :[[ChromeDriver: chrome on WINDOWS (dc8b98c0949478ac08e38382d0979cad)] -> xpath: //img[@alt='Virgin Games']]
2023-06-17 15:06:167 INFO  HomePage :51 - Clicking on acceptCookie: [[ChromeDriver: chrome on WINDOWS (0b068f0e0a7a1d39da211931b5ac8ae7)] -> xpath: //label[normalize-space()='Accept']]
2023-06-17 15:06:234 INFO  HomePage :62 - Clicking on Online Slots: [[ChromeDriver: chrome on WINDOWS (0b068f0e0a7a1d39da211931b5ac8ae7)] -> link text: Online Slots]
2023-06-17 15:06:377 INFO  onlineSlotsPage :25 - Get text :[[ChromeDriver: chrome on WINDOWS (0b068f0e0a7a1d39da211931b5ac8ae7)] -> xpath: //h2[normalize-space()='Virgin Games Online Slots']]
2023-06-17 15:06:324 INFO  HomePage :51 - Clicking on acceptCookie: [[ChromeDriver: chrome on WINDOWS (634e319ff368b704c98e6b67a805d2f7)] -> xpath: //label[normalize-space()='Accept']]
2023-06-17 15:06:377 INFO  HomePage :67 - Clicking on Free games[[ChromeDriver: chrome on WINDOWS (634e319ff368b704c98e6b67a805d2f7)] -> link text: Free Games]
2023-06-17 15:06:511 INFO  FreeGamesPage :24 - Get text From FreeGamesPage :[[ChromeDriver: chrome on WINDOWS (634e319ff368b704c98e6b67a805d2f7)] -> xpath: //h1[normalize-space()='Experience a Selection of Free Games']]
2023-06-17 15:06:547 INFO  HomePage :51 - Clicking on acceptCookie: [[ChromeDriver: chrome on WINDOWS (f6d0342f03d3a7c5d403953c077d4675)] -> xpath: //label[normalize-space()='Accept']]
2023-06-17 15:06:610 INFO  HomePage :72 - Clicking on casino[[ChromeDriver: chrome on WINDOWS (f6d0342f03d3a7c5d403953c077d4675)] -> link text: Casino]
2023-06-17 15:06:735 INFO  Casino :25 - ImageProxy element for: DefaultElementLocator 'By.xpath: //img[@alt='9 Up Blackjack']'
2023-06-17 15:06:898 INFO  HomePage :51 - Clicking on acceptCookie: [[ChromeDriver: chrome on WINDOWS (59542fbeb2590cd01521ba1b0d2fb5cf)] -> xpath: //label[normalize-space()='Accept']]
2023-06-17 15:06:914 INFO  HomePage :55 - Verify logo is displyed :[[ChromeDriver: chrome on WINDOWS (59542fbeb2590cd01521ba1b0d2fb5cf)] -> xpath: //img[@alt='Virgin Games']]
2023-06-17 15:06:927 INFO  HomePage :51 - Clicking on acceptCookie: [[ChromeDriver: chrome on WINDOWS (f533d5f0d15023651e22ff99c6c51c82)] -> xpath: //label[normalize-space()='Accept']]
2023-06-17 15:06:981 INFO  HomePage :62 - Clicking on Online Slots: [[ChromeDriver: chrome on WINDOWS (f533d5f0d15023651e22ff99c6c51c82)] -> link text: Online Slots]
2023-06-17 15:06:108 INFO  onlineSlotsPage :25 - Get text :[[ChromeDriver: chrome on WINDOWS (f533d5f0d15023651e22ff99c6c51c82)] -> xpath: //h2[normalize-space()='Virgin Games Online Slots']]
2023-06-17 15:06:228 INFO  HomePage :51 - Clicking on acceptCookie: [[ChromeDriver: chrome on WINDOWS (72572f3062580dae0dc78d9edfe3fd45)] -> xpath: //label[normalize-space()='Accept']]
2023-06-17 15:06:284 INFO  HomePage :67 - Clicking on Free games[[ChromeDriver: chrome on WINDOWS (72572f3062580dae0dc78d9edfe3fd45)] -> link text: Free Games]
2023-06-17 15:06:381 INFO  FreeGamesPage :24 - Get text From FreeGamesPage :[[ChromeDriver: chrome on WINDOWS (72572f3062580dae0dc78d9edfe3fd45)] -> xpath: //h1[normalize-space()='Experience a Selection of Free Games']]
2023-06-17 15:06:387 INFO  HomePage :51 - Clicking on acceptCookie: [[ChromeDriver: chrome on WINDOWS (ed781c410819ce5fc2944594cfd72b6c)] -> xpath: //label[normalize-space()='Accept']]
2023-06-17 15:06:462 INFO  HomePage :72 - Clicking on casino[[ChromeDriver: chrome on WINDOWS (ed781c410819ce5fc2944594cfd72b6c)] -> link text: Casino]
2023-06-17 15:06:442 INFO  Casino :25 - Image[[ChromeDriver: chrome on WINDOWS (ed781c410819ce5fc2944594cfd72b6c)] -> xpath: //img[@alt='9 Up Blackjack']]
